2021-07-05 16:32:59,438:INFO:Initializing load_model()
2021-07-05 16:32:59,439:INFO:load_model(model_name=modelo-german-credit-data, platform=None, authentication=None, verbose=True)
2021-07-05 16:32:59,570:INFO:Initializing load_model()
2021-07-05 16:32:59,570:INFO:load_model(model_name=modelo-german-credit-data, platform=None, authentication=None, verbose=True)
2021-07-05 16:33:29,854:INFO:Initializing load_model()
2021-07-05 16:33:29,854:INFO:load_model(model_name=modelo-para-previsao-de-salario, platform=None, authentication=None, verbose=True)
2021-07-05 16:33:32,266:INFO:Initializing load_model()
2021-07-05 16:33:32,267:INFO:load_model(model_name=modelo-para-previsao-de-salario, platform=None, authentication=None, verbose=True)
2021-07-05 16:33:36,904:INFO:Initializing load_model()
2021-07-05 16:33:36,904:INFO:load_model(model_name=modelo-para-previsao-de-salario, platform=None, authentication=None, verbose=True)
2021-07-05 16:33:44,769:INFO:Initializing load_model()
2021-07-05 16:33:44,769:INFO:load_model(model_name=modelo-para-previsao-de-salario, platform=None, authentication=None, verbose=True)
2021-07-05 16:33:52,220:INFO:Initializing load_model()
2021-07-05 16:33:52,220:INFO:load_model(model_name=modelo-para-previsao-de-salario, platform=None, authentication=None, verbose=True)
2021-07-05 16:39:27,320:INFO:Initializing load_model()
2021-07-05 16:39:27,320:INFO:load_model(model_name=modelo-para-previsao-de-salario, platform=None, authentication=None, verbose=True)
2021-07-05 16:39:27,802:INFO:Initializing load_model()
2021-07-05 16:39:27,803:INFO:load_model(model_name=modelo-para-previsao-de-salario, platform=None, authentication=None, verbose=True)
2021-07-05 16:39:32,885:INFO:Initializing load_model()
2021-07-05 16:39:32,885:INFO:load_model(model_name=modelo-para-previsao-de-salario, platform=None, authentication=None, verbose=True)
2021-07-05 16:44:37,863:INFO:Initializing load_model()
2021-07-05 16:44:37,864:INFO:load_model(model_name=modelo-para-previsao-de-salario, platform=None, authentication=None, verbose=True)
2021-07-05 16:44:38,505:INFO:Initializing load_model()
2021-07-05 16:44:38,505:INFO:load_model(model_name=modelo-para-previsao-de-salario, platform=None, authentication=None, verbose=True)
2021-07-05 16:44:41,035:INFO:Initializing load_model()
2021-07-05 16:44:41,035:INFO:load_model(model_name=modelo-para-previsao-de-salario, platform=None, authentication=None, verbose=True)
2021-07-05 16:47:38,314:INFO:Initializing load_model()
2021-07-05 16:47:38,315:INFO:load_model(model_name=modelo-para-previsao-de-salario, platform=None, authentication=None, verbose=True)
2021-07-05 16:47:38,899:INFO:Initializing load_model()
2021-07-05 16:47:38,900:INFO:load_model(model_name=modelo-para-previsao-de-salario, platform=None, authentication=None, verbose=True)
2021-07-05 16:47:40,440:INFO:Initializing load_model()
2021-07-05 16:47:40,440:INFO:load_model(model_name=modelo-para-previsao-de-salario, platform=None, authentication=None, verbose=True)
2021-07-05 16:47:46,350:INFO:Initializing load_model()
2021-07-05 16:47:46,350:INFO:load_model(model_name=modelo-para-previsao-de-salario, platform=None, authentication=None, verbose=True)
2021-07-05 16:48:25,647:INFO:Initializing load_model()
2021-07-05 16:48:25,648:INFO:load_model(model_name=modelo-para-previsao-de-salario, platform=None, authentication=None, verbose=True)
2021-07-05 16:48:26,134:INFO:Initializing load_model()
2021-07-05 16:48:26,134:INFO:load_model(model_name=modelo-para-previsao-de-salario, platform=None, authentication=None, verbose=True)
2021-07-05 16:48:31,422:INFO:Initializing load_model()
2021-07-05 16:48:31,422:INFO:load_model(model_name=modelo-para-previsao-de-salario, platform=None, authentication=None, verbose=True)
2021-07-05 16:48:57,720:INFO:Initializing load_model()
2021-07-05 16:48:57,721:INFO:load_model(model_name=modelo-para-previsao-de-salario, platform=None, authentication=None, verbose=True)
2021-07-05 16:48:58,371:INFO:Initializing load_model()
2021-07-05 16:48:58,371:INFO:load_model(model_name=modelo-para-previsao-de-salario, platform=None, authentication=None, verbose=True)
2021-07-05 16:49:01,530:INFO:Initializing load_model()
2021-07-05 16:49:01,531:INFO:load_model(model_name=modelo-para-previsao-de-salario, platform=None, authentication=None, verbose=True)
2021-07-05 16:49:49,264:INFO:Initializing load_model()
2021-07-05 16:49:49,264:INFO:load_model(model_name=modelo-para-previsao-de-salario, platform=None, authentication=None, verbose=True)
2021-07-05 16:49:49,747:INFO:Initializing load_model()
2021-07-05 16:49:49,747:INFO:load_model(model_name=modelo-para-previsao-de-salario, platform=None, authentication=None, verbose=True)
2021-07-05 16:49:56,620:INFO:Initializing load_model()
2021-07-05 16:49:56,620:INFO:load_model(model_name=modelo-para-previsao-de-salario, platform=None, authentication=None, verbose=True)
2021-07-05 16:50:18,796:INFO:Initializing load_model()
2021-07-05 16:50:18,796:INFO:load_model(model_name=modelo-para-previsao-de-salario, platform=None, authentication=None, verbose=True)
2021-07-05 16:50:19,318:INFO:Initializing load_model()
2021-07-05 16:50:19,320:INFO:load_model(model_name=modelo-para-previsao-de-salario, platform=None, authentication=None, verbose=True)
2021-07-05 16:50:26,739:INFO:Initializing load_model()
2021-07-05 16:50:26,739:INFO:load_model(model_name=modelo-para-previsao-de-salario, platform=None, authentication=None, verbose=True)
2021-07-05 16:52:31,929:INFO:Initializing load_model()
2021-07-05 16:52:31,930:INFO:load_model(model_name=modelo-para-previsao-de-salario, platform=None, authentication=None, verbose=True)
2021-07-05 16:53:05,956:INFO:Initializing load_model()
2021-07-05 16:53:05,956:INFO:load_model(model_name=modelo-para-previsao-de-salario, platform=None, authentication=None, verbose=True)
2021-07-05 16:53:06,019:INFO:Initializing predict_model()
2021-07-05 16:53:06,020:INFO:predict_model(estimator=Pipeline(steps=[('dtypes',
                 DataTypes_Auto_infer(ml_usecase='regression',
                                      target='Salário')),
                ('imputer',
                 Simple_Imputer(categorical_strategy='not_available',
                                fill_value_categorical=None,
                                fill_value_numerical=None,
                                numeric_strategy='mean',
                                target_variable=None)),
                ('new_levels1',
                 New_Catagorical_Levels_in_TestData(replacement_strategy='least '
                                                                         'frequent',
                                                    target=...
                ('fix_perfect', Remove_100(target='Salário')),
                ('clean_names', Clean_Colum_Names()),
                ('feature_select', 'passthrough'), ('fix_multi', 'passthrough'),
                ('dfs', 'passthrough'), ('pca', 'passthrough'),
                ['trained_model',
                 RandomForestRegressor(criterion='mae', max_depth=9,
                                       max_features=1.0,
                                       min_impurity_decrease=0.2,
                                       min_samples_leaf=5, min_samples_split=7,
                                       n_estimators=80, n_jobs=-1,
                                       random_state=2762)]]), probability_threshold=None, encoded_labels=False, raw_score=False, round=4, verbose=True, ml_usecase=MLUsecase.CLASSIFICATION, display=None)
2021-07-05 16:53:06,021:INFO:Checking exceptions
2021-07-05 16:53:06,022:INFO:Preloading libraries
2021-07-05 16:53:11,909:INFO:Initializing load_model()
2021-07-05 16:53:11,909:INFO:load_model(model_name=modelo-para-previsao-de-salario, platform=None, authentication=None, verbose=True)
2021-07-05 16:53:23,941:INFO:Initializing load_model()
2021-07-05 16:53:23,941:INFO:load_model(model_name=modelo-para-previsao-de-salario, platform=None, authentication=None, verbose=True)
2021-07-05 16:53:24,001:INFO:Initializing predict_model()
2021-07-05 16:53:24,001:INFO:predict_model(estimator=Pipeline(steps=[('dtypes',
                 DataTypes_Auto_infer(ml_usecase='regression',
                                      target='Salário')),
                ('imputer',
                 Simple_Imputer(categorical_strategy='not_available',
                                fill_value_categorical=None,
                                fill_value_numerical=None,
                                numeric_strategy='mean',
                                target_variable=None)),
                ('new_levels1',
                 New_Catagorical_Levels_in_TestData(replacement_strategy='least '
                                                                         'frequent',
                                                    target=...
                ('fix_perfect', Remove_100(target='Salário')),
                ('clean_names', Clean_Colum_Names()),
                ('feature_select', 'passthrough'), ('fix_multi', 'passthrough'),
                ('dfs', 'passthrough'), ('pca', 'passthrough'),
                ['trained_model',
                 RandomForestRegressor(criterion='mae', max_depth=9,
                                       max_features=1.0,
                                       min_impurity_decrease=0.2,
                                       min_samples_leaf=5, min_samples_split=7,
                                       n_estimators=80, n_jobs=-1,
                                       random_state=2762)]]), probability_threshold=None, encoded_labels=False, raw_score=False, round=4, verbose=True, ml_usecase=MLUsecase.CLASSIFICATION, display=None)
2021-07-05 16:53:24,003:INFO:Checking exceptions
2021-07-05 16:53:24,003:INFO:Preloading libraries
2021-07-05 16:53:32,040:INFO:Initializing load_model()
2021-07-05 16:53:32,041:INFO:load_model(model_name=modelo-para-previsao-de-salario, platform=None, authentication=None, verbose=True)
2021-07-05 16:53:42,308:INFO:Initializing load_model()
2021-07-05 16:53:42,309:INFO:load_model(model_name=modelo-para-previsao-de-salario, platform=None, authentication=None, verbose=True)
2021-07-05 16:53:42,369:INFO:Initializing predict_model()
2021-07-05 16:53:42,369:INFO:predict_model(estimator=Pipeline(steps=[('dtypes',
                 DataTypes_Auto_infer(ml_usecase='regression',
                                      target='Salário')),
                ('imputer',
                 Simple_Imputer(categorical_strategy='not_available',
                                fill_value_categorical=None,
                                fill_value_numerical=None,
                                numeric_strategy='mean',
                                target_variable=None)),
                ('new_levels1',
                 New_Catagorical_Levels_in_TestData(replacement_strategy='least '
                                                                         'frequent',
                                                    target=...
                ('fix_perfect', Remove_100(target='Salário')),
                ('clean_names', Clean_Colum_Names()),
                ('feature_select', 'passthrough'), ('fix_multi', 'passthrough'),
                ('dfs', 'passthrough'), ('pca', 'passthrough'),
                ['trained_model',
                 RandomForestRegressor(criterion='mae', max_depth=9,
                                       max_features=1.0,
                                       min_impurity_decrease=0.2,
                                       min_samples_leaf=5, min_samples_split=7,
                                       n_estimators=80, n_jobs=-1,
                                       random_state=2762)]]), probability_threshold=None, encoded_labels=False, raw_score=False, round=4, verbose=True, ml_usecase=MLUsecase.CLASSIFICATION, display=None)
2021-07-05 16:53:42,370:INFO:Checking exceptions
2021-07-05 16:53:42,371:INFO:Preloading libraries
2021-07-05 16:53:52,040:INFO:Initializing load_model()
2021-07-05 16:53:52,041:INFO:load_model(model_name=modelo-para-previsao-de-salario, platform=None, authentication=None, verbose=True)
2021-07-05 16:55:12,281:INFO:Initializing load_model()
2021-07-05 16:55:12,282:INFO:load_model(model_name=modelo-para-previsao-de-salario, platform=None, authentication=None, verbose=True)
2021-07-05 16:55:12,341:INFO:Initializing predict_model()
2021-07-05 16:55:12,342:INFO:predict_model(estimator=Pipeline(steps=[('dtypes',
                 DataTypes_Auto_infer(ml_usecase='regression',
                                      target='Salário')),
                ('imputer',
                 Simple_Imputer(categorical_strategy='not_available',
                                fill_value_categorical=None,
                                fill_value_numerical=None,
                                numeric_strategy='mean',
                                target_variable=None)),
                ('new_levels1',
                 New_Catagorical_Levels_in_TestData(replacement_strategy='least '
                                                                         'frequent',
                                                    target=...
                ('fix_perfect', Remove_100(target='Salário')),
                ('clean_names', Clean_Colum_Names()),
                ('feature_select', 'passthrough'), ('fix_multi', 'passthrough'),
                ('dfs', 'passthrough'), ('pca', 'passthrough'),
                ['trained_model',
                 RandomForestRegressor(criterion='mae', max_depth=9,
                                       max_features=1.0,
                                       min_impurity_decrease=0.2,
                                       min_samples_leaf=5, min_samples_split=7,
                                       n_estimators=80, n_jobs=-1,
                                       random_state=2762)]]), probability_threshold=None, encoded_labels=False, raw_score=False, round=4, verbose=True, ml_usecase=MLUsecase.CLASSIFICATION, display=None)
2021-07-05 16:55:12,343:INFO:Checking exceptions
2021-07-05 16:55:12,345:INFO:Preloading libraries
2021-07-05 16:55:17,125:INFO:Initializing load_model()
2021-07-05 16:55:17,125:INFO:load_model(model_name=modelo-para-previsao-de-salario, platform=None, authentication=None, verbose=True)
2021-07-05 16:55:33,185:INFO:Initializing load_model()
2021-07-05 16:55:33,185:INFO:load_model(model_name=modelo-para-previsao-de-salario, platform=None, authentication=None, verbose=True)
2021-07-05 16:55:38,420:INFO:Initializing load_model()
2021-07-05 16:55:38,420:INFO:load_model(model_name=modelo-para-previsao-de-salario, platform=None, authentication=None, verbose=True)
2021-07-05 16:55:38,478:INFO:Initializing predict_model()
2021-07-05 16:55:38,478:INFO:predict_model(estimator=Pipeline(steps=[('dtypes',
                 DataTypes_Auto_infer(ml_usecase='regression',
                                      target='Salário')),
                ('imputer',
                 Simple_Imputer(categorical_strategy='not_available',
                                fill_value_categorical=None,
                                fill_value_numerical=None,
                                numeric_strategy='mean',
                                target_variable=None)),
                ('new_levels1',
                 New_Catagorical_Levels_in_TestData(replacement_strategy='least '
                                                                         'frequent',
                                                    target=...
                ('fix_perfect', Remove_100(target='Salário')),
                ('clean_names', Clean_Colum_Names()),
                ('feature_select', 'passthrough'), ('fix_multi', 'passthrough'),
                ('dfs', 'passthrough'), ('pca', 'passthrough'),
                ['trained_model',
                 RandomForestRegressor(criterion='mae', max_depth=9,
                                       max_features=1.0,
                                       min_impurity_decrease=0.2,
                                       min_samples_leaf=5, min_samples_split=7,
                                       n_estimators=80, n_jobs=-1,
                                       random_state=2762)]]), probability_threshold=None, encoded_labels=False, raw_score=False, round=4, verbose=True, ml_usecase=MLUsecase.CLASSIFICATION, display=None)
2021-07-05 16:55:38,480:INFO:Checking exceptions
2021-07-05 16:55:38,480:INFO:Preloading libraries
2021-07-05 16:55:45,774:INFO:Initializing load_model()
2021-07-05 16:55:45,774:INFO:load_model(model_name=modelo-para-previsao-de-salario, platform=None, authentication=None, verbose=True)
2021-07-05 16:55:45,835:INFO:Initializing predict_model()
2021-07-05 16:55:45,835:INFO:predict_model(estimator=Pipeline(steps=[('dtypes',
                 DataTypes_Auto_infer(ml_usecase='regression',
                                      target='Salário')),
                ('imputer',
                 Simple_Imputer(categorical_strategy='not_available',
                                fill_value_categorical=None,
                                fill_value_numerical=None,
                                numeric_strategy='mean',
                                target_variable=None)),
                ('new_levels1',
                 New_Catagorical_Levels_in_TestData(replacement_strategy='least '
                                                                         'frequent',
                                                    target=...
                ('fix_perfect', Remove_100(target='Salário')),
                ('clean_names', Clean_Colum_Names()),
                ('feature_select', 'passthrough'), ('fix_multi', 'passthrough'),
                ('dfs', 'passthrough'), ('pca', 'passthrough'),
                ['trained_model',
                 RandomForestRegressor(criterion='mae', max_depth=9,
                                       max_features=1.0,
                                       min_impurity_decrease=0.2,
                                       min_samples_leaf=5, min_samples_split=7,
                                       n_estimators=80, n_jobs=-1,
                                       random_state=2762)]]), probability_threshold=None, encoded_labels=False, raw_score=False, round=4, verbose=True, ml_usecase=MLUsecase.CLASSIFICATION, display=None)
2021-07-05 16:55:45,836:INFO:Checking exceptions
2021-07-05 16:55:45,837:INFO:Preloading libraries
2021-07-05 16:55:50,679:INFO:Initializing load_model()
2021-07-05 16:55:50,680:INFO:load_model(model_name=modelo-para-previsao-de-salario, platform=None, authentication=None, verbose=True)
2021-07-05 16:55:50,740:INFO:Initializing predict_model()
2021-07-05 16:55:50,741:INFO:predict_model(estimator=Pipeline(steps=[('dtypes',
                 DataTypes_Auto_infer(ml_usecase='regression',
                                      target='Salário')),
                ('imputer',
                 Simple_Imputer(categorical_strategy='not_available',
                                fill_value_categorical=None,
                                fill_value_numerical=None,
                                numeric_strategy='mean',
                                target_variable=None)),
                ('new_levels1',
                 New_Catagorical_Levels_in_TestData(replacement_strategy='least '
                                                                         'frequent',
                                                    target=...
                ('fix_perfect', Remove_100(target='Salário')),
                ('clean_names', Clean_Colum_Names()),
                ('feature_select', 'passthrough'), ('fix_multi', 'passthrough'),
                ('dfs', 'passthrough'), ('pca', 'passthrough'),
                ['trained_model',
                 RandomForestRegressor(criterion='mae', max_depth=9,
                                       max_features=1.0,
                                       min_impurity_decrease=0.2,
                                       min_samples_leaf=5, min_samples_split=7,
                                       n_estimators=80, n_jobs=-1,
                                       random_state=2762)]]), probability_threshold=None, encoded_labels=False, raw_score=False, round=4, verbose=True, ml_usecase=MLUsecase.CLASSIFICATION, display=None)
2021-07-05 16:55:50,742:INFO:Checking exceptions
2021-07-05 16:55:50,742:INFO:Preloading libraries
2021-07-05 16:55:52,490:INFO:Initializing load_model()
2021-07-05 16:55:52,490:INFO:load_model(model_name=modelo-para-previsao-de-salario, platform=None, authentication=None, verbose=True)
2021-07-05 16:55:53,145:INFO:Initializing load_model()
2021-07-05 16:55:53,146:INFO:load_model(model_name=modelo-para-previsao-de-salario, platform=None, authentication=None, verbose=True)
2021-07-05 16:55:53,930:INFO:Initializing load_model()
2021-07-05 16:55:53,931:INFO:load_model(model_name=modelo-para-previsao-de-salario, platform=None, authentication=None, verbose=True)
2021-07-05 16:55:54,807:INFO:Initializing load_model()
2021-07-05 16:55:54,807:INFO:load_model(model_name=modelo-para-previsao-de-salario, platform=None, authentication=None, verbose=True)
2021-07-05 16:55:54,861:INFO:Initializing predict_model()
2021-07-05 16:55:54,862:INFO:predict_model(estimator=Pipeline(steps=[('dtypes',
                 DataTypes_Auto_infer(ml_usecase='regression',
                                      target='Salário')),
                ('imputer',
                 Simple_Imputer(categorical_strategy='not_available',
                                fill_value_categorical=None,
                                fill_value_numerical=None,
                                numeric_strategy='mean',
                                target_variable=None)),
                ('new_levels1',
                 New_Catagorical_Levels_in_TestData(replacement_strategy='least '
                                                                         'frequent',
                                                    target=...
                ('fix_perfect', Remove_100(target='Salário')),
                ('clean_names', Clean_Colum_Names()),
                ('feature_select', 'passthrough'), ('fix_multi', 'passthrough'),
                ('dfs', 'passthrough'), ('pca', 'passthrough'),
                ['trained_model',
                 RandomForestRegressor(criterion='mae', max_depth=9,
                                       max_features=1.0,
                                       min_impurity_decrease=0.2,
                                       min_samples_leaf=5, min_samples_split=7,
                                       n_estimators=80, n_jobs=-1,
                                       random_state=2762)]]), probability_threshold=None, encoded_labels=False, raw_score=False, round=4, verbose=True, ml_usecase=MLUsecase.CLASSIFICATION, display=None)
2021-07-05 16:55:54,863:INFO:Checking exceptions
2021-07-05 16:55:54,863:INFO:Preloading libraries
2021-07-05 16:55:57,315:INFO:Initializing load_model()
2021-07-05 16:55:57,317:INFO:load_model(model_name=modelo-para-previsao-de-salario, platform=None, authentication=None, verbose=True)
2021-07-05 16:55:58,244:INFO:Initializing load_model()
2021-07-05 16:55:58,244:INFO:load_model(model_name=modelo-para-previsao-de-salario, platform=None, authentication=None, verbose=True)
2021-07-05 16:56:03,782:INFO:Initializing load_model()
2021-07-05 16:56:03,782:INFO:load_model(model_name=modelo-para-previsao-de-salario, platform=None, authentication=None, verbose=True)
2021-07-05 16:56:06,413:INFO:Initializing load_model()
2021-07-05 16:56:06,413:INFO:load_model(model_name=modelo-para-previsao-de-salario, platform=None, authentication=None, verbose=True)
2021-07-05 16:56:07,979:INFO:Initializing load_model()
2021-07-05 16:56:07,980:INFO:load_model(model_name=modelo-para-previsao-de-salario, platform=None, authentication=None, verbose=True)
2021-07-05 16:56:08,037:INFO:Initializing predict_model()
2021-07-05 16:56:08,038:INFO:predict_model(estimator=Pipeline(steps=[('dtypes',
                 DataTypes_Auto_infer(ml_usecase='regression',
                                      target='Salário')),
                ('imputer',
                 Simple_Imputer(categorical_strategy='not_available',
                                fill_value_categorical=None,
                                fill_value_numerical=None,
                                numeric_strategy='mean',
                                target_variable=None)),
                ('new_levels1',
                 New_Catagorical_Levels_in_TestData(replacement_strategy='least '
                                                                         'frequent',
                                                    target=...
                ('fix_perfect', Remove_100(target='Salário')),
                ('clean_names', Clean_Colum_Names()),
                ('feature_select', 'passthrough'), ('fix_multi', 'passthrough'),
                ('dfs', 'passthrough'), ('pca', 'passthrough'),
                ['trained_model',
                 RandomForestRegressor(criterion='mae', max_depth=9,
                                       max_features=1.0,
                                       min_impurity_decrease=0.2,
                                       min_samples_leaf=5, min_samples_split=7,
                                       n_estimators=80, n_jobs=-1,
                                       random_state=2762)]]), probability_threshold=None, encoded_labels=False, raw_score=False, round=4, verbose=True, ml_usecase=MLUsecase.CLASSIFICATION, display=None)
2021-07-05 16:56:08,039:INFO:Checking exceptions
2021-07-05 16:56:08,039:INFO:Preloading libraries
2021-07-05 16:56:11,529:INFO:Initializing load_model()
2021-07-05 16:56:11,529:INFO:load_model(model_name=modelo-para-previsao-de-salario, platform=None, authentication=None, verbose=True)
2021-07-05 16:56:12,357:INFO:Initializing load_model()
2021-07-05 16:56:12,358:INFO:load_model(model_name=modelo-para-previsao-de-salario, platform=None, authentication=None, verbose=True)
2021-07-05 16:56:12,430:INFO:Initializing predict_model()
2021-07-05 16:56:12,430:INFO:predict_model(estimator=Pipeline(steps=[('dtypes',
                 DataTypes_Auto_infer(ml_usecase='regression',
                                      target='Salário')),
                ('imputer',
                 Simple_Imputer(categorical_strategy='not_available',
                                fill_value_categorical=None,
                                fill_value_numerical=None,
                                numeric_strategy='mean',
                                target_variable=None)),
                ('new_levels1',
                 New_Catagorical_Levels_in_TestData(replacement_strategy='least '
                                                                         'frequent',
                                                    target=...
                ('fix_perfect', Remove_100(target='Salário')),
                ('clean_names', Clean_Colum_Names()),
                ('feature_select', 'passthrough'), ('fix_multi', 'passthrough'),
                ('dfs', 'passthrough'), ('pca', 'passthrough'),
                ['trained_model',
                 RandomForestRegressor(criterion='mae', max_depth=9,
                                       max_features=1.0,
                                       min_impurity_decrease=0.2,
                                       min_samples_leaf=5, min_samples_split=7,
                                       n_estimators=80, n_jobs=-1,
                                       random_state=2762)]]), probability_threshold=None, encoded_labels=False, raw_score=False, round=4, verbose=True, ml_usecase=MLUsecase.CLASSIFICATION, display=None)
2021-07-05 16:56:12,432:INFO:Checking exceptions
2021-07-05 16:56:12,432:INFO:Preloading libraries
2021-07-05 16:56:13,969:INFO:Initializing load_model()
2021-07-05 16:56:13,970:INFO:load_model(model_name=modelo-para-previsao-de-salario, platform=None, authentication=None, verbose=True)
2021-07-05 16:56:14,702:INFO:Initializing load_model()
2021-07-05 16:56:14,703:INFO:load_model(model_name=modelo-para-previsao-de-salario, platform=None, authentication=None, verbose=True)
2021-07-05 16:56:14,756:INFO:Initializing predict_model()
2021-07-05 16:56:14,757:INFO:predict_model(estimator=Pipeline(steps=[('dtypes',
                 DataTypes_Auto_infer(ml_usecase='regression',
                                      target='Salário')),
                ('imputer',
                 Simple_Imputer(categorical_strategy='not_available',
                                fill_value_categorical=None,
                                fill_value_numerical=None,
                                numeric_strategy='mean',
                                target_variable=None)),
                ('new_levels1',
                 New_Catagorical_Levels_in_TestData(replacement_strategy='least '
                                                                         'frequent',
                                                    target=...
                ('fix_perfect', Remove_100(target='Salário')),
                ('clean_names', Clean_Colum_Names()),
                ('feature_select', 'passthrough'), ('fix_multi', 'passthrough'),
                ('dfs', 'passthrough'), ('pca', 'passthrough'),
                ['trained_model',
                 RandomForestRegressor(criterion='mae', max_depth=9,
                                       max_features=1.0,
                                       min_impurity_decrease=0.2,
                                       min_samples_leaf=5, min_samples_split=7,
                                       n_estimators=80, n_jobs=-1,
                                       random_state=2762)]]), probability_threshold=None, encoded_labels=False, raw_score=False, round=4, verbose=True, ml_usecase=MLUsecase.CLASSIFICATION, display=None)
2021-07-05 16:56:14,758:INFO:Checking exceptions
2021-07-05 16:56:14,758:INFO:Preloading libraries
2021-07-05 16:56:18,403:INFO:Initializing load_model()
2021-07-05 16:56:18,403:INFO:load_model(model_name=modelo-para-previsao-de-salario, platform=None, authentication=None, verbose=True)
2021-07-05 16:56:19,237:INFO:Initializing load_model()
2021-07-05 16:56:19,237:INFO:load_model(model_name=modelo-para-previsao-de-salario, platform=None, authentication=None, verbose=True)
2021-07-05 16:56:20,630:INFO:Initializing load_model()
2021-07-05 16:56:20,631:INFO:load_model(model_name=modelo-para-previsao-de-salario, platform=None, authentication=None, verbose=True)
2021-07-05 16:56:20,685:INFO:Initializing predict_model()
2021-07-05 16:56:20,686:INFO:predict_model(estimator=Pipeline(steps=[('dtypes',
                 DataTypes_Auto_infer(ml_usecase='regression',
                                      target='Salário')),
                ('imputer',
                 Simple_Imputer(categorical_strategy='not_available',
                                fill_value_categorical=None,
                                fill_value_numerical=None,
                                numeric_strategy='mean',
                                target_variable=None)),
                ('new_levels1',
                 New_Catagorical_Levels_in_TestData(replacement_strategy='least '
                                                                         'frequent',
                                                    target=...
                ('fix_perfect', Remove_100(target='Salário')),
                ('clean_names', Clean_Colum_Names()),
                ('feature_select', 'passthrough'), ('fix_multi', 'passthrough'),
                ('dfs', 'passthrough'), ('pca', 'passthrough'),
                ['trained_model',
                 RandomForestRegressor(criterion='mae', max_depth=9,
                                       max_features=1.0,
                                       min_impurity_decrease=0.2,
                                       min_samples_leaf=5, min_samples_split=7,
                                       n_estimators=80, n_jobs=-1,
                                       random_state=2762)]]), probability_threshold=None, encoded_labels=False, raw_score=False, round=4, verbose=True, ml_usecase=MLUsecase.CLASSIFICATION, display=None)
2021-07-05 16:56:20,687:INFO:Checking exceptions
2021-07-05 16:56:20,688:INFO:Preloading libraries
2021-07-05 16:56:27,524:INFO:Initializing load_model()
2021-07-05 16:56:27,536:INFO:load_model(model_name=modelo-para-previsao-de-salario, platform=None, authentication=None, verbose=True)
2021-07-05 16:56:28,769:INFO:Initializing load_model()
2021-07-05 16:56:28,769:INFO:load_model(model_name=modelo-para-previsao-de-salario, platform=None, authentication=None, verbose=True)
2021-07-05 16:56:28,825:INFO:Initializing predict_model()
2021-07-05 16:56:28,826:INFO:predict_model(estimator=Pipeline(steps=[('dtypes',
                 DataTypes_Auto_infer(ml_usecase='regression',
                                      target='Salário')),
                ('imputer',
                 Simple_Imputer(categorical_strategy='not_available',
                                fill_value_categorical=None,
                                fill_value_numerical=None,
                                numeric_strategy='mean',
                                target_variable=None)),
                ('new_levels1',
                 New_Catagorical_Levels_in_TestData(replacement_strategy='least '
                                                                         'frequent',
                                                    target=...
                ('fix_perfect', Remove_100(target='Salário')),
                ('clean_names', Clean_Colum_Names()),
                ('feature_select', 'passthrough'), ('fix_multi', 'passthrough'),
                ('dfs', 'passthrough'), ('pca', 'passthrough'),
                ['trained_model',
                 RandomForestRegressor(criterion='mae', max_depth=9,
                                       max_features=1.0,
                                       min_impurity_decrease=0.2,
                                       min_samples_leaf=5, min_samples_split=7,
                                       n_estimators=80, n_jobs=-1,
                                       random_state=2762)]]), probability_threshold=None, encoded_labels=False, raw_score=False, round=4, verbose=True, ml_usecase=MLUsecase.CLASSIFICATION, display=None)
2021-07-05 16:56:28,827:INFO:Checking exceptions
2021-07-05 16:56:28,827:INFO:Preloading libraries
2021-07-05 16:57:41,888:INFO:Initializing load_model()
2021-07-05 16:57:41,888:INFO:load_model(model_name=modelo-para-previsao-de-salario, platform=None, authentication=None, verbose=True)
2021-07-05 16:57:43,416:INFO:Initializing load_model()
2021-07-05 16:57:43,416:INFO:load_model(model_name=modelo-para-previsao-de-salario, platform=None, authentication=None, verbose=True)
2021-07-05 16:57:44,379:INFO:Initializing load_model()
2021-07-05 16:57:44,379:INFO:load_model(model_name=modelo-para-previsao-de-salario, platform=None, authentication=None, verbose=True)
2021-07-05 16:57:44,433:INFO:Initializing predict_model()
2021-07-05 16:57:44,434:INFO:predict_model(estimator=Pipeline(steps=[('dtypes',
                 DataTypes_Auto_infer(ml_usecase='regression',
                                      target='Salário')),
                ('imputer',
                 Simple_Imputer(categorical_strategy='not_available',
                                fill_value_categorical=None,
                                fill_value_numerical=None,
                                numeric_strategy='mean',
                                target_variable=None)),
                ('new_levels1',
                 New_Catagorical_Levels_in_TestData(replacement_strategy='least '
                                                                         'frequent',
                                                    target=...
                ('fix_perfect', Remove_100(target='Salário')),
                ('clean_names', Clean_Colum_Names()),
                ('feature_select', 'passthrough'), ('fix_multi', 'passthrough'),
                ('dfs', 'passthrough'), ('pca', 'passthrough'),
                ['trained_model',
                 RandomForestRegressor(criterion='mae', max_depth=9,
                                       max_features=1.0,
                                       min_impurity_decrease=0.2,
                                       min_samples_leaf=5, min_samples_split=7,
                                       n_estimators=80, n_jobs=-1,
                                       random_state=2762)]]), probability_threshold=None, encoded_labels=False, raw_score=False, round=4, verbose=True, ml_usecase=MLUsecase.CLASSIFICATION, display=None)
2021-07-05 16:57:44,435:INFO:Checking exceptions
2021-07-05 16:57:44,436:INFO:Preloading libraries
2021-07-05 16:57:46,080:INFO:Initializing load_model()
2021-07-05 16:57:46,080:INFO:load_model(model_name=modelo-para-previsao-de-salario, platform=None, authentication=None, verbose=True)
2021-07-05 16:57:46,843:INFO:Initializing load_model()
2021-07-05 16:57:46,843:INFO:load_model(model_name=modelo-para-previsao-de-salario, platform=None, authentication=None, verbose=True)
2021-07-05 16:57:46,899:INFO:Initializing predict_model()
2021-07-05 16:57:46,899:INFO:predict_model(estimator=Pipeline(steps=[('dtypes',
                 DataTypes_Auto_infer(ml_usecase='regression',
                                      target='Salário')),
                ('imputer',
                 Simple_Imputer(categorical_strategy='not_available',
                                fill_value_categorical=None,
                                fill_value_numerical=None,
                                numeric_strategy='mean',
                                target_variable=None)),
                ('new_levels1',
                 New_Catagorical_Levels_in_TestData(replacement_strategy='least '
                                                                         'frequent',
                                                    target=...
                ('fix_perfect', Remove_100(target='Salário')),
                ('clean_names', Clean_Colum_Names()),
                ('feature_select', 'passthrough'), ('fix_multi', 'passthrough'),
                ('dfs', 'passthrough'), ('pca', 'passthrough'),
                ['trained_model',
                 RandomForestRegressor(criterion='mae', max_depth=9,
                                       max_features=1.0,
                                       min_impurity_decrease=0.2,
                                       min_samples_leaf=5, min_samples_split=7,
                                       n_estimators=80, n_jobs=-1,
                                       random_state=2762)]]), probability_threshold=None, encoded_labels=False, raw_score=False, round=4, verbose=True, ml_usecase=MLUsecase.CLASSIFICATION, display=None)
2021-07-05 16:57:46,901:INFO:Checking exceptions
2021-07-05 16:57:46,901:INFO:Preloading libraries
2021-07-05 16:57:48,071:INFO:Initializing load_model()
2021-07-05 16:57:48,072:INFO:load_model(model_name=modelo-para-previsao-de-salario, platform=None, authentication=None, verbose=True)
2021-07-05 16:57:48,971:INFO:Initializing load_model()
2021-07-05 16:57:48,971:INFO:load_model(model_name=modelo-para-previsao-de-salario, platform=None, authentication=None, verbose=True)
2021-07-05 16:57:49,026:INFO:Initializing predict_model()
2021-07-05 16:57:49,027:INFO:predict_model(estimator=Pipeline(steps=[('dtypes',
                 DataTypes_Auto_infer(ml_usecase='regression',
                                      target='Salário')),
                ('imputer',
                 Simple_Imputer(categorical_strategy='not_available',
                                fill_value_categorical=None,
                                fill_value_numerical=None,
                                numeric_strategy='mean',
                                target_variable=None)),
                ('new_levels1',
                 New_Catagorical_Levels_in_TestData(replacement_strategy='least '
                                                                         'frequent',
                                                    target=...
                ('fix_perfect', Remove_100(target='Salário')),
                ('clean_names', Clean_Colum_Names()),
                ('feature_select', 'passthrough'), ('fix_multi', 'passthrough'),
                ('dfs', 'passthrough'), ('pca', 'passthrough'),
                ['trained_model',
                 RandomForestRegressor(criterion='mae', max_depth=9,
                                       max_features=1.0,
                                       min_impurity_decrease=0.2,
                                       min_samples_leaf=5, min_samples_split=7,
                                       n_estimators=80, n_jobs=-1,
                                       random_state=2762)]]), probability_threshold=None, encoded_labels=False, raw_score=False, round=4, verbose=True, ml_usecase=MLUsecase.CLASSIFICATION, display=None)
2021-07-05 16:57:49,028:INFO:Checking exceptions
2021-07-05 16:57:49,028:INFO:Preloading libraries
2021-07-05 16:58:15,082:INFO:Initializing load_model()
2021-07-05 16:58:15,082:INFO:load_model(model_name=modelo-para-previsao-de-salario, platform=None, authentication=None, verbose=True)
2021-07-05 16:58:47,264:INFO:Initializing load_model()
2021-07-05 16:58:47,265:INFO:load_model(model_name=modelo-para-previsao-de-salario, platform=None, authentication=None, verbose=True)
2021-07-05 16:58:47,783:INFO:Initializing load_model()
2021-07-05 16:58:47,783:INFO:load_model(model_name=modelo-para-previsao-de-salario, platform=None, authentication=None, verbose=True)
2021-07-05 16:58:51,243:INFO:Initializing load_model()
2021-07-05 16:58:51,244:INFO:load_model(model_name=modelo-para-previsao-de-salario, platform=None, authentication=None, verbose=True)
2021-07-05 16:58:51,299:INFO:Initializing predict_model()
2021-07-05 16:58:51,300:INFO:predict_model(estimator=Pipeline(steps=[('dtypes',
                 DataTypes_Auto_infer(ml_usecase='regression',
                                      target='Salário')),
                ('imputer',
                 Simple_Imputer(categorical_strategy='not_available',
                                fill_value_categorical=None,
                                fill_value_numerical=None,
                                numeric_strategy='mean',
                                target_variable=None)),
                ('new_levels1',
                 New_Catagorical_Levels_in_TestData(replacement_strategy='least '
                                                                         'frequent',
                                                    target=...
                ('fix_perfect', Remove_100(target='Salário')),
                ('clean_names', Clean_Colum_Names()),
                ('feature_select', 'passthrough'), ('fix_multi', 'passthrough'),
                ('dfs', 'passthrough'), ('pca', 'passthrough'),
                ['trained_model',
                 RandomForestRegressor(criterion='mae', max_depth=9,
                                       max_features=1.0,
                                       min_impurity_decrease=0.2,
                                       min_samples_leaf=5, min_samples_split=7,
                                       n_estimators=80, n_jobs=-1,
                                       random_state=2762)]]), probability_threshold=None, encoded_labels=False, raw_score=False, round=4, verbose=True, ml_usecase=MLUsecase.CLASSIFICATION, display=None)
2021-07-05 16:58:51,301:INFO:Checking exceptions
2021-07-05 16:58:51,301:INFO:Preloading libraries
2021-07-05 16:58:52,644:INFO:Initializing load_model()
2021-07-05 16:58:52,645:INFO:load_model(model_name=modelo-para-previsao-de-salario, platform=None, authentication=None, verbose=True)
2021-07-05 16:58:53,136:INFO:Initializing load_model()
2021-07-05 16:58:53,136:INFO:load_model(model_name=modelo-para-previsao-de-salario, platform=None, authentication=None, verbose=True)
2021-07-05 16:58:56,592:INFO:Initializing load_model()
2021-07-05 16:58:56,593:INFO:load_model(model_name=modelo-para-previsao-de-salario, platform=None, authentication=None, verbose=True)
2021-07-05 16:59:01,205:INFO:Initializing load_model()
2021-07-05 16:59:01,206:INFO:load_model(model_name=modelo-para-previsao-de-salario, platform=None, authentication=None, verbose=True)
2021-07-05 16:59:05,439:INFO:Initializing load_model()
2021-07-05 16:59:05,440:INFO:load_model(model_name=modelo-para-previsao-de-salario, platform=None, authentication=None, verbose=True)
2021-07-05 16:59:09,645:INFO:Initializing load_model()
2021-07-05 16:59:09,645:INFO:load_model(model_name=modelo-para-previsao-de-salario, platform=None, authentication=None, verbose=True)
2021-07-05 16:59:20,985:INFO:Initializing load_model()
2021-07-05 16:59:20,985:INFO:load_model(model_name=modelo-para-previsao-de-salario, platform=None, authentication=None, verbose=True)
2021-07-05 16:59:33,853:INFO:Initializing load_model()
2021-07-05 16:59:33,854:INFO:load_model(model_name=modelo-para-previsao-de-salario, platform=None, authentication=None, verbose=True)
2021-07-05 16:59:34,444:INFO:Initializing load_model()
2021-07-05 16:59:34,445:INFO:load_model(model_name=modelo-para-previsao-de-salario, platform=None, authentication=None, verbose=True)
2021-07-05 16:59:43,964:INFO:Initializing load_model()
2021-07-05 16:59:43,964:INFO:load_model(model_name=modelo-para-previsao-de-salario, platform=None, authentication=None, verbose=True)
2021-07-05 16:59:47,891:INFO:Initializing load_model()
2021-07-05 16:59:47,892:INFO:load_model(model_name=modelo-para-previsao-de-salario, platform=None, authentication=None, verbose=True)
2021-07-05 17:00:11,950:INFO:Initializing load_model()
2021-07-05 17:00:11,951:INFO:load_model(model_name=modelo-para-previsao-de-salario, platform=None, authentication=None, verbose=True)
2021-07-05 17:00:14,238:INFO:Initializing load_model()
2021-07-05 17:00:14,239:INFO:load_model(model_name=modelo-para-previsao-de-salario, platform=None, authentication=None, verbose=True)
2021-07-05 17:01:21,249:INFO:Initializing load_model()
2021-07-05 17:01:21,249:INFO:load_model(model_name=modelo-para-previsao-de-salario, platform=None, authentication=None, verbose=True)
2021-07-05 17:01:22,321:INFO:Initializing load_model()
2021-07-05 17:01:22,322:INFO:load_model(model_name=modelo-para-previsao-de-salario, platform=None, authentication=None, verbose=True)
2021-07-05 17:01:23,432:INFO:Initializing load_model()
2021-07-05 17:01:23,432:INFO:load_model(model_name=modelo-para-previsao-de-salario, platform=None, authentication=None, verbose=True)
2021-07-05 17:01:24,344:INFO:Initializing load_model()
2021-07-05 17:01:24,344:INFO:load_model(model_name=modelo-para-previsao-de-salario, platform=None, authentication=None, verbose=True)
2021-07-05 17:01:25,956:INFO:Initializing load_model()
2021-07-05 17:01:25,957:INFO:load_model(model_name=modelo-para-previsao-de-salario, platform=None, authentication=None, verbose=True)
2021-07-05 17:01:27,886:INFO:Initializing load_model()
2021-07-05 17:01:27,887:INFO:load_model(model_name=modelo-para-previsao-de-salario, platform=None, authentication=None, verbose=True)
2021-07-05 17:01:44,240:INFO:Initializing load_model()
2021-07-05 17:01:44,240:INFO:load_model(model_name=modelo-para-previsao-de-salario, platform=None, authentication=None, verbose=True)
2021-07-05 17:01:44,827:INFO:Initializing load_model()
2021-07-05 17:01:44,827:INFO:load_model(model_name=modelo-para-previsao-de-salario, platform=None, authentication=None, verbose=True)
2021-07-05 17:01:45,309:INFO:Initializing load_model()
2021-07-05 17:01:45,310:INFO:load_model(model_name=modelo-para-previsao-de-salario, platform=None, authentication=None, verbose=True)
2021-07-05 17:01:45,796:INFO:Initializing load_model()
2021-07-05 17:01:45,796:INFO:load_model(model_name=modelo-para-previsao-de-salario, platform=None, authentication=None, verbose=True)
2021-07-05 17:01:47,963:INFO:Initializing load_model()
2021-07-05 17:01:47,963:INFO:load_model(model_name=modelo-para-previsao-de-salario, platform=None, authentication=None, verbose=True)
2021-07-05 17:07:55,119:INFO:Initializing load_model()
2021-07-05 17:07:55,120:INFO:load_model(model_name=modelo-para-previsao-de-salario, platform=None, authentication=None, verbose=True)
2021-07-05 17:07:58,930:INFO:Initializing load_model()
2021-07-05 17:07:58,930:INFO:load_model(model_name=modelo-para-previsao-de-salario, platform=None, authentication=None, verbose=True)
2021-07-05 17:08:24,853:INFO:Initializing load_model()
2021-07-05 17:08:24,854:INFO:load_model(model_name=modelo-para-previsao-de-salario, platform=None, authentication=None, verbose=True)
2021-07-05 17:08:25,426:INFO:Initializing load_model()
2021-07-05 17:08:25,427:INFO:load_model(model_name=modelo-para-previsao-de-salario, platform=None, authentication=None, verbose=True)
2021-07-05 17:08:28,688:INFO:Initializing load_model()
2021-07-05 17:08:28,689:INFO:load_model(model_name=modelo-para-previsao-de-salario, platform=None, authentication=None, verbose=True)
2021-07-05 17:15:07,179:INFO:Initializing load_model()
2021-07-05 17:15:07,180:INFO:load_model(model_name=modelo-para-previsao-de-salario, platform=None, authentication=None, verbose=True)
2021-07-05 17:15:07,673:INFO:Initializing load_model()
2021-07-05 17:15:07,674:INFO:load_model(model_name=modelo-para-previsao-de-salario, platform=None, authentication=None, verbose=True)
2021-07-05 17:15:09,466:INFO:Initializing load_model()
2021-07-05 17:15:09,467:INFO:load_model(model_name=modelo-para-previsao-de-salario, platform=None, authentication=None, verbose=True)
2021-07-05 17:15:22,611:INFO:Initializing load_model()
2021-07-05 17:15:22,611:INFO:load_model(model_name=modelo-para-previsao-de-salario, platform=None, authentication=None, verbose=True)
2021-07-05 17:15:23,689:INFO:Initializing load_model()
2021-07-05 17:15:23,689:INFO:load_model(model_name=modelo-para-previsao-de-salario, platform=None, authentication=None, verbose=True)
2021-07-05 17:15:44,770:INFO:Initializing load_model()
2021-07-05 17:15:44,771:INFO:load_model(model_name=modelo-para-previsao-de-salario, platform=None, authentication=None, verbose=True)
2021-07-05 17:15:45,340:INFO:Initializing load_model()
2021-07-05 17:15:45,340:INFO:load_model(model_name=modelo-para-previsao-de-salario, platform=None, authentication=None, verbose=True)
2021-07-05 17:15:49,517:INFO:Initializing load_model()
2021-07-05 17:15:49,518:INFO:load_model(model_name=modelo-para-previsao-de-salario, platform=None, authentication=None, verbose=True)
2021-07-05 17:16:04,792:INFO:Initializing load_model()
2021-07-05 17:16:04,792:INFO:load_model(model_name=modelo-para-previsao-de-salario, platform=None, authentication=None, verbose=True)
2021-07-05 17:16:07,897:INFO:Initializing load_model()
2021-07-05 17:16:07,898:INFO:load_model(model_name=modelo-para-previsao-de-salario, platform=None, authentication=None, verbose=True)
2021-07-05 17:16:10,238:INFO:Initializing load_model()
2021-07-05 17:16:10,239:INFO:load_model(model_name=modelo-para-previsao-de-salario, platform=None, authentication=None, verbose=True)
2021-07-05 17:18:24,724:INFO:Initializing load_model()
2021-07-05 17:18:24,725:INFO:load_model(model_name=modelo-para-previsao-de-salario, platform=None, authentication=None, verbose=True)
2021-07-05 17:18:33,173:INFO:Initializing load_model()
2021-07-05 17:18:33,174:INFO:load_model(model_name=modelo-para-previsao-de-salario, platform=None, authentication=None, verbose=True)
2021-07-05 17:18:34,556:INFO:Initializing load_model()
2021-07-05 17:18:34,556:INFO:load_model(model_name=modelo-para-previsao-de-salario, platform=None, authentication=None, verbose=True)
2021-07-05 17:20:10,295:INFO:Initializing load_model()
2021-07-05 17:20:10,296:INFO:load_model(model_name=modelo-para-previsao-de-salario, platform=None, authentication=None, verbose=True)
2021-07-05 17:20:10,848:INFO:Initializing load_model()
2021-07-05 17:20:10,848:INFO:load_model(model_name=modelo-para-previsao-de-salario, platform=None, authentication=None, verbose=True)
2021-07-05 17:20:14,841:INFO:Initializing load_model()
2021-07-05 17:20:14,841:INFO:load_model(model_name=modelo-para-previsao-de-salario, platform=None, authentication=None, verbose=True)
2021-07-05 17:20:24,257:INFO:Initializing load_model()
2021-07-05 17:20:24,258:INFO:load_model(model_name=modelo-para-previsao-de-salario, platform=None, authentication=None, verbose=True)
2021-07-05 17:20:24,757:INFO:Initializing load_model()
2021-07-05 17:20:24,757:INFO:load_model(model_name=modelo-para-previsao-de-salario, platform=None, authentication=None, verbose=True)
2021-07-05 17:20:25,033:INFO:Initializing load_model()
2021-07-05 17:20:25,034:INFO:load_model(model_name=modelo-para-previsao-de-salario, platform=None, authentication=None, verbose=True)
2021-07-05 17:20:26,888:INFO:Initializing load_model()
2021-07-05 17:20:26,888:INFO:load_model(model_name=modelo-para-previsao-de-salario, platform=None, authentication=None, verbose=True)
2021-07-05 17:20:28,492:INFO:Initializing load_model()
2021-07-05 17:20:28,493:INFO:load_model(model_name=modelo-para-previsao-de-salario, platform=None, authentication=None, verbose=True)
2021-07-05 17:20:30,272:INFO:Initializing load_model()
2021-07-05 17:20:30,273:INFO:load_model(model_name=modelo-para-previsao-de-salario, platform=None, authentication=None, verbose=True)
2021-07-05 17:20:31,439:INFO:Initializing load_model()
2021-07-05 17:20:31,440:INFO:load_model(model_name=modelo-para-previsao-de-salario, platform=None, authentication=None, verbose=True)
2021-07-05 17:20:33,441:INFO:Initializing load_model()
2021-07-05 17:20:33,442:INFO:load_model(model_name=modelo-para-previsao-de-salario, platform=None, authentication=None, verbose=True)
2021-07-05 17:21:10,272:INFO:Initializing load_model()
2021-07-05 17:21:10,273:INFO:load_model(model_name=modelo-para-previsao-de-salario, platform=None, authentication=None, verbose=True)
2021-07-05 17:22:27,594:INFO:Initializing load_model()
2021-07-05 17:22:27,594:INFO:load_model(model_name=modelo-para-previsao-de-salario, platform=None, authentication=None, verbose=True)
2021-07-05 17:22:28,926:INFO:Initializing load_model()
2021-07-05 17:22:28,927:INFO:load_model(model_name=modelo-para-previsao-de-salario, platform=None, authentication=None, verbose=True)
2021-07-05 17:22:32,403:INFO:Initializing load_model()
2021-07-05 17:22:32,403:INFO:load_model(model_name=modelo-para-previsao-de-salario, platform=None, authentication=None, verbose=True)
2021-07-05 17:22:33,741:INFO:Initializing load_model()
2021-07-05 17:22:33,742:INFO:load_model(model_name=modelo-para-previsao-de-salario, platform=None, authentication=None, verbose=True)
2021-07-05 17:23:00,011:INFO:Initializing load_model()
2021-07-05 17:23:00,012:INFO:load_model(model_name=modelo-para-previsao-de-salario, platform=None, authentication=None, verbose=True)
2021-07-05 17:23:01,151:INFO:Initializing load_model()
2021-07-05 17:23:01,151:INFO:load_model(model_name=modelo-para-previsao-de-salario, platform=None, authentication=None, verbose=True)
2021-07-05 17:23:05,186:INFO:Initializing load_model()
2021-07-05 17:23:05,187:INFO:load_model(model_name=modelo-para-previsao-de-salario, platform=None, authentication=None, verbose=True)
2021-07-05 17:24:08,048:INFO:Initializing load_model()
2021-07-05 17:24:08,049:INFO:load_model(model_name=modelo-para-previsao-de-salario, platform=None, authentication=None, verbose=True)
2021-07-05 17:24:09,945:INFO:Initializing load_model()
2021-07-05 17:24:09,946:INFO:load_model(model_name=modelo-para-previsao-de-salario, platform=None, authentication=None, verbose=True)
2021-07-05 17:24:15,474:INFO:Initializing load_model()
2021-07-05 17:24:15,474:INFO:load_model(model_name=modelo-para-previsao-de-salario, platform=None, authentication=None, verbose=True)
2021-07-05 17:24:18,282:INFO:Initializing load_model()
2021-07-05 17:24:18,283:INFO:load_model(model_name=modelo-para-previsao-de-salario, platform=None, authentication=None, verbose=True)
2021-07-05 17:24:21,887:INFO:Initializing load_model()
2021-07-05 17:24:21,888:INFO:load_model(model_name=modelo-para-previsao-de-salario, platform=None, authentication=None, verbose=True)
2021-07-05 17:24:23,679:INFO:Initializing load_model()
2021-07-05 17:24:23,679:INFO:load_model(model_name=modelo-para-previsao-de-salario, platform=None, authentication=None, verbose=True)
2021-07-05 17:24:26,303:INFO:Initializing load_model()
2021-07-05 17:24:26,304:INFO:load_model(model_name=modelo-para-previsao-de-salario, platform=None, authentication=None, verbose=True)
2021-07-05 17:24:28,127:INFO:Initializing load_model()
2021-07-05 17:24:28,128:INFO:load_model(model_name=modelo-para-previsao-de-salario, platform=None, authentication=None, verbose=True)
2021-07-05 17:24:32,000:INFO:Initializing load_model()
2021-07-05 17:24:32,001:INFO:load_model(model_name=modelo-para-previsao-de-salario, platform=None, authentication=None, verbose=True)
2021-07-05 17:24:33,625:INFO:Initializing load_model()
2021-07-05 17:24:33,625:INFO:load_model(model_name=modelo-para-previsao-de-salario, platform=None, authentication=None, verbose=True)
2021-07-05 17:24:35,131:INFO:Initializing load_model()
2021-07-05 17:24:35,132:INFO:load_model(model_name=modelo-para-previsao-de-salario, platform=None, authentication=None, verbose=True)
2021-07-05 17:24:36,250:INFO:Initializing load_model()
2021-07-05 17:24:36,250:INFO:load_model(model_name=modelo-para-previsao-de-salario, platform=None, authentication=None, verbose=True)
2021-07-05 17:24:37,030:INFO:Initializing load_model()
2021-07-05 17:24:37,031:INFO:load_model(model_name=modelo-para-previsao-de-salario, platform=None, authentication=None, verbose=True)
2021-07-05 17:24:38,150:INFO:Initializing load_model()
2021-07-05 17:24:38,151:INFO:load_model(model_name=modelo-para-previsao-de-salario, platform=None, authentication=None, verbose=True)
2021-07-05 17:25:25,551:INFO:Initializing load_model()
2021-07-05 17:25:25,552:INFO:load_model(model_name=modelo-para-previsao-de-salario, platform=None, authentication=None, verbose=True)
2021-07-05 17:25:38,648:INFO:Initializing load_model()
2021-07-05 17:25:38,648:INFO:load_model(model_name=modelo-para-previsao-de-salario, platform=None, authentication=None, verbose=True)
2021-07-05 17:25:41,596:INFO:Initializing load_model()
2021-07-05 17:25:41,597:INFO:load_model(model_name=modelo-para-previsao-de-salario, platform=None, authentication=None, verbose=True)
2021-07-05 17:25:42,639:INFO:Initializing load_model()
2021-07-05 17:25:42,639:INFO:load_model(model_name=modelo-para-previsao-de-salario, platform=None, authentication=None, verbose=True)
2021-07-05 17:25:45,664:INFO:Initializing load_model()
2021-07-05 17:25:45,665:INFO:load_model(model_name=modelo-para-previsao-de-salario, platform=None, authentication=None, verbose=True)
2021-07-05 17:25:46,082:INFO:Initializing load_model()
2021-07-05 17:25:46,083:INFO:load_model(model_name=modelo-para-previsao-de-salario, platform=None, authentication=None, verbose=True)
2021-07-05 17:25:46,910:INFO:Initializing load_model()
2021-07-05 17:25:46,911:INFO:load_model(model_name=modelo-para-previsao-de-salario, platform=None, authentication=None, verbose=True)
2021-07-05 17:25:48,701:INFO:Initializing load_model()
2021-07-05 17:25:48,702:INFO:load_model(model_name=modelo-para-previsao-de-salario, platform=None, authentication=None, verbose=True)
2021-07-05 17:26:56,884:INFO:Initializing load_model()
2021-07-05 17:26:56,884:INFO:load_model(model_name=modelo-para-previsao-de-salario, platform=None, authentication=None, verbose=True)
2021-07-05 17:26:57,654:INFO:Initializing load_model()
2021-07-05 17:26:57,656:INFO:load_model(model_name=modelo-para-previsao-de-salario, platform=None, authentication=None, verbose=True)
2021-07-05 17:26:58,795:INFO:Initializing load_model()
2021-07-05 17:26:58,796:INFO:load_model(model_name=modelo-para-previsao-de-salario, platform=None, authentication=None, verbose=True)
2021-07-05 17:27:03,719:INFO:Initializing load_model()
2021-07-05 17:27:03,720:INFO:load_model(model_name=modelo-para-previsao-de-salario, platform=None, authentication=None, verbose=True)
2021-07-05 17:28:07,314:INFO:Initializing load_model()
2021-07-05 17:28:07,314:INFO:load_model(model_name=modelo-para-previsao-de-salario, platform=None, authentication=None, verbose=True)
2021-07-05 17:28:08,226:INFO:Initializing load_model()
2021-07-05 17:28:08,226:INFO:load_model(model_name=modelo-para-previsao-de-salario, platform=None, authentication=None, verbose=True)
2021-07-05 17:28:09,146:INFO:Initializing load_model()
2021-07-05 17:28:09,147:INFO:load_model(model_name=modelo-para-previsao-de-salario, platform=None, authentication=None, verbose=True)
2021-07-05 17:28:47,330:INFO:Initializing load_model()
2021-07-05 17:28:47,331:INFO:load_model(model_name=modelo-para-previsao-de-salario, platform=None, authentication=None, verbose=True)
2021-07-05 17:28:49,173:INFO:Initializing load_model()
2021-07-05 17:28:49,174:INFO:load_model(model_name=modelo-para-previsao-de-salario, platform=None, authentication=None, verbose=True)
2021-07-05 17:28:50,042:INFO:Initializing load_model()
2021-07-05 17:28:50,043:INFO:load_model(model_name=modelo-para-previsao-de-salario, platform=None, authentication=None, verbose=True)
2021-07-05 17:28:50,602:INFO:Initializing load_model()
2021-07-05 17:28:50,602:INFO:load_model(model_name=modelo-para-previsao-de-salario, platform=None, authentication=None, verbose=True)
2021-07-05 17:28:51,216:INFO:Initializing load_model()
2021-07-05 17:28:51,216:INFO:load_model(model_name=modelo-para-previsao-de-salario, platform=None, authentication=None, verbose=True)
2021-07-05 17:28:52,407:INFO:Initializing load_model()
2021-07-05 17:28:52,407:INFO:load_model(model_name=modelo-para-previsao-de-salario, platform=None, authentication=None, verbose=True)
2021-07-05 17:28:54,548:INFO:Initializing load_model()
2021-07-05 17:28:54,548:INFO:load_model(model_name=modelo-para-previsao-de-salario, platform=None, authentication=None, verbose=True)
2021-07-05 17:30:01,055:INFO:Initializing load_model()
2021-07-05 17:30:01,055:INFO:load_model(model_name=modelo-para-previsao-de-salario, platform=None, authentication=None, verbose=True)
2021-07-05 17:30:02,517:INFO:Initializing load_model()
2021-07-05 17:30:02,517:INFO:load_model(model_name=modelo-para-previsao-de-salario, platform=None, authentication=None, verbose=True)
2021-07-05 17:30:03,777:INFO:Initializing load_model()
2021-07-05 17:30:03,778:INFO:load_model(model_name=modelo-para-previsao-de-salario, platform=None, authentication=None, verbose=True)
2021-07-05 17:30:12,613:INFO:Initializing load_model()
2021-07-05 17:30:12,613:INFO:load_model(model_name=modelo-para-previsao-de-salario, platform=None, authentication=None, verbose=True)
2021-07-05 17:30:13,879:INFO:Initializing load_model()
2021-07-05 17:30:13,879:INFO:load_model(model_name=modelo-para-previsao-de-salario, platform=None, authentication=None, verbose=True)
2021-07-05 17:30:16,039:INFO:Initializing load_model()
2021-07-05 17:30:16,042:INFO:load_model(model_name=modelo-para-previsao-de-salario, platform=None, authentication=None, verbose=True)
2021-07-05 17:30:17,146:INFO:Initializing load_model()
2021-07-05 17:30:17,147:INFO:load_model(model_name=modelo-para-previsao-de-salario, platform=None, authentication=None, verbose=True)
2021-07-05 17:30:18,067:INFO:Initializing load_model()
2021-07-05 17:30:18,068:INFO:load_model(model_name=modelo-para-previsao-de-salario, platform=None, authentication=None, verbose=True)
2021-07-05 17:30:19,982:INFO:Initializing load_model()
2021-07-05 17:30:19,983:INFO:load_model(model_name=modelo-para-previsao-de-salario, platform=None, authentication=None, verbose=True)
2021-07-05 17:30:20,988:INFO:Initializing load_model()
2021-07-05 17:30:20,988:INFO:load_model(model_name=modelo-para-previsao-de-salario, platform=None, authentication=None, verbose=True)
2021-07-05 17:30:22,310:INFO:Initializing load_model()
2021-07-05 17:30:22,311:INFO:load_model(model_name=modelo-para-previsao-de-salario, platform=None, authentication=None, verbose=True)
2021-07-05 17:30:24,304:INFO:Initializing load_model()
2021-07-05 17:30:24,304:INFO:load_model(model_name=modelo-para-previsao-de-salario, platform=None, authentication=None, verbose=True)
2021-07-05 17:30:25,515:INFO:Initializing load_model()
2021-07-05 17:30:25,515:INFO:load_model(model_name=modelo-para-previsao-de-salario, platform=None, authentication=None, verbose=True)
2021-07-05 17:30:28,546:INFO:Initializing load_model()
2021-07-05 17:30:28,547:INFO:load_model(model_name=modelo-para-previsao-de-salario, platform=None, authentication=None, verbose=True)
2021-07-05 17:30:30,147:INFO:Initializing load_model()
2021-07-05 17:30:30,148:INFO:load_model(model_name=modelo-para-previsao-de-salario, platform=None, authentication=None, verbose=True)
2021-07-05 17:30:38,268:INFO:Initializing load_model()
2021-07-05 17:30:38,268:INFO:load_model(model_name=modelo-para-previsao-de-salario, platform=None, authentication=None, verbose=True)
2021-07-05 17:30:40,059:INFO:Initializing load_model()
2021-07-05 17:30:40,060:INFO:load_model(model_name=modelo-para-previsao-de-salario, platform=None, authentication=None, verbose=True)
2021-07-05 17:30:41,562:INFO:Initializing load_model()
2021-07-05 17:30:41,563:INFO:load_model(model_name=modelo-para-previsao-de-salario, platform=None, authentication=None, verbose=True)
2021-07-05 17:30:42,537:INFO:Initializing load_model()
2021-07-05 17:30:42,537:INFO:load_model(model_name=modelo-para-previsao-de-salario, platform=None, authentication=None, verbose=True)
2021-07-05 17:30:43,480:INFO:Initializing load_model()
2021-07-05 17:30:43,481:INFO:load_model(model_name=modelo-para-previsao-de-salario, platform=None, authentication=None, verbose=True)
2021-07-05 17:30:43,761:INFO:Initializing load_model()
2021-07-05 17:30:43,761:INFO:load_model(model_name=modelo-para-previsao-de-salario, platform=None, authentication=None, verbose=True)
